<?xml version="1.0" encoding="UTF-8"?>
<!-- Generated by org.testng.reporters.JUnitXMLReporter -->
<testsuite ignored="0" hostname="DESKTOP-R44EK2P" failures="0" tests="3" name="Surefire test" time="8.138" errors="0" timestamp="2026-02-02T23:07:19 IST">
  <testcase classname="tests.AdminLoginTest" name="adminLoginTest" time="1.799"/>
  <testcase classname="tests.CompanyLoginTest" name="companyLoginTest" time="1.381"/>
  <testcase classname="tests.OwnerLoginTest" name="ownerLoginTest" time="1.277"/>
</testsuite> <!-- Surefire test -->
