<?xml version="1.0" encoding="UTF-8"?>
<testng-results ignored="0" total="3" passed="3" failed="0" skipped="0">
  <reporter-output>
  </reporter-output>
  <suite started-at="2026-02-02T23:07:11 IST" name="Surefire suite" finished-at="2026-02-02T23:07:19 IST" duration-ms="8138">
    <groups>
    </groups>
    <test started-at="2026-02-02T23:07:11 IST" name="Surefire test" finished-at="2026-02-02T23:07:19 IST" duration-ms="8138">
      <class name="tests.AdminLoginTest">
        <test-method is-config="true" signature="setup()[pri:0, instance:tests.AdminLoginTest@49b0b76]" started-at="2026-02-02T23:07:11 IST" name="setup" finished-at="2026-02-02T23:07:13 IST" duration-ms="1864" status="PASS">
          <reporter-output>
          </reporter-output>
        </test-method> <!-- setup -->
        <test-method signature="adminLoginTest()[pri:0, instance:tests.AdminLoginTest@49b0b76]" started-at="2026-02-02T23:07:13 IST" name="adminLoginTest" finished-at="2026-02-02T23:07:15 IST" duration-ms="1799" status="PASS">
          <reporter-output>
          </reporter-output>
        </test-method> <!-- adminLoginTest -->
        <test-method is-config="true" signature="tearDown()[pri:0, instance:tests.AdminLoginTest@49b0b76]" started-at="2026-02-02T23:07:15 IST" name="tearDown" finished-at="2026-02-02T23:07:15 IST" duration-ms="132" status="PASS">
          <reporter-output>
          </reporter-output>
        </test-method> <!-- tearDown -->
      </class> <!-- tests.AdminLoginTest -->
      <class name="tests.OwnerLoginTest">
        <test-method is-config="true" signature="setup()[pri:0, instance:tests.OwnerLoginTest@4c9f8c13]" started-at="2026-02-02T23:07:17 IST" name="setup" finished-at="2026-02-02T23:07:18 IST" duration-ms="642" status="PASS">
          <reporter-output>
          </reporter-output>
        </test-method> <!-- setup -->
        <test-method signature="ownerLoginTest()[pri:0, instance:tests.OwnerLoginTest@4c9f8c13]" started-at="2026-02-02T23:07:18 IST" name="ownerLoginTest" finished-at="2026-02-02T23:07:19 IST" duration-ms="1277" status="PASS">
          <reporter-output>
          </reporter-output>
        </test-method> <!-- ownerLoginTest -->
        <test-method is-config="true" signature="tearDown()[pri:0, instance:tests.OwnerLoginTest@4c9f8c13]" started-at="2026-02-02T23:07:19 IST" name="tearDown" finished-at="2026-02-02T23:07:19 IST" duration-ms="127" status="PASS">
          <reporter-output>
          </reporter-output>
        </test-method> <!-- tearDown -->
      </class> <!-- tests.OwnerLoginTest -->
      <class name="tests.CompanyLoginTest">
        <test-method is-config="true" signature="setup()[pri:0, instance:tests.CompanyLoginTest@769f71a9]" started-at="2026-02-02T23:07:15 IST" name="setup" finished-at="2026-02-02T23:07:16 IST" duration-ms="738" status="PASS">
          <reporter-output>
          </reporter-output>
        </test-method> <!-- setup -->
        <test-method signature="companyLoginTest()[pri:0, instance:tests.CompanyLoginTest@769f71a9]" started-at="2026-02-02T23:07:16 IST" name="companyLoginTest" finished-at="2026-02-02T23:07:17 IST" duration-ms="1381" status="PASS">
          <reporter-output>
          </reporter-output>
        </test-method> <!-- companyLoginTest -->
        <test-method is-config="true" signature="tearDown()[pri:0, instance:tests.CompanyLoginTest@769f71a9]" started-at="2026-02-02T23:07:17 IST" name="tearDown" finished-at="2026-02-02T23:07:17 IST" duration-ms="145" status="PASS">
          <reporter-output>
          </reporter-output>
        </test-method> <!-- tearDown -->
      </class> <!-- tests.CompanyLoginTest -->
    </test> <!-- Surefire test -->
  </suite> <!-- Surefire suite -->
</testng-results>
