<?xml version="1.0" encoding="UTF-8"?>
<testng-results ignored="0" total="3" passed="3" failed="0" skipped="0">
  <reporter-output>
  </reporter-output>
  <suite started-at="2026-02-02T21:58:44 IST" name="Surefire suite" finished-at="2026-02-02T21:58:52 IST" duration-ms="8398">
    <groups>
    </groups>
    <test started-at="2026-02-02T21:58:44 IST" name="Surefire test" finished-at="2026-02-02T21:58:52 IST" duration-ms="8398">
      <class name="tests.AdminLoginTest">
        <test-method is-config="true" signature="setup()[pri:0, instance:tests.AdminLoginTest@32ee6fee]" started-at="2026-02-02T21:58:44 IST" name="setup" finished-at="2026-02-02T21:58:45 IST" duration-ms="1311" status="PASS">
          <reporter-output>
          </reporter-output>
        </test-method> <!-- setup -->
        <test-method signature="adminLoginTest()[pri:0, instance:tests.AdminLoginTest@32ee6fee]" started-at="2026-02-02T21:58:45 IST" name="adminLoginTest" finished-at="2026-02-02T21:58:47 IST" duration-ms="2323" status="PASS">
          <reporter-output>
          </reporter-output>
        </test-method> <!-- adminLoginTest -->
        <test-method is-config="true" signature="tearDown()[pri:0, instance:tests.AdminLoginTest@32ee6fee]" started-at="2026-02-02T21:58:47 IST" name="tearDown" finished-at="2026-02-02T21:58:47 IST" duration-ms="1" status="PASS">
          <reporter-output>
          </reporter-output>
        </test-method> <!-- tearDown -->
      </class> <!-- tests.AdminLoginTest -->
      <class name="tests.OwnerLoginTest">
        <test-method is-config="true" signature="setup()[pri:0, instance:tests.OwnerLoginTest@7133da86]" started-at="2026-02-02T21:58:49 IST" name="setup" finished-at="2026-02-02T21:58:50 IST" duration-ms="704" status="PASS">
          <reporter-output>
          </reporter-output>
        </test-method> <!-- setup -->
        <test-method signature="ownerLoginTest()[pri:0, instance:tests.OwnerLoginTest@7133da86]" started-at="2026-02-02T21:58:50 IST" name="ownerLoginTest" finished-at="2026-02-02T21:58:52 IST" duration-ms="1972" status="PASS">
          <reporter-output>
          </reporter-output>
        </test-method> <!-- ownerLoginTest -->
        <test-method is-config="true" signature="tearDown()[pri:0, instance:tests.OwnerLoginTest@7133da86]" started-at="2026-02-02T21:58:52 IST" name="tearDown" finished-at="2026-02-02T21:58:52 IST" duration-ms="1" status="PASS">
          <reporter-output>
          </reporter-output>
        </test-method> <!-- tearDown -->
      </class> <!-- tests.OwnerLoginTest -->
      <class name="tests.CompanyLoginTest">
        <test-method is-config="true" signature="setup()[pri:0, instance:tests.CompanyLoginTest@4d0f2471]" started-at="2026-02-02T21:58:47 IST" name="setup" finished-at="2026-02-02T21:58:48 IST" duration-ms="698" status="PASS">
          <reporter-output>
          </reporter-output>
        </test-method> <!-- setup -->
        <test-method signature="companyLoginTest()[pri:0, instance:tests.CompanyLoginTest@4d0f2471]" started-at="2026-02-02T21:58:48 IST" name="companyLoginTest" finished-at="2026-02-02T21:58:49 IST" duration-ms="1341" status="PASS">
          <reporter-output>
          </reporter-output>
        </test-method> <!-- companyLoginTest -->
        <test-method is-config="true" signature="tearDown()[pri:0, instance:tests.CompanyLoginTest@4d0f2471]" started-at="2026-02-02T21:58:49 IST" name="tearDown" finished-at="2026-02-02T21:58:49 IST" duration-ms="0" status="PASS">
          <reporter-output>
          </reporter-output>
        </test-method> <!-- tearDown -->
      </class> <!-- tests.CompanyLoginTest -->
    </test> <!-- Surefire test -->
  </suite> <!-- Surefire suite -->
</testng-results>
